<?xml version="1.0" encoding="UTF-8"?>
<testng-results skipped="0" failed="1" ignored="0" total="4" passed="3">
  <reporter-output>
  </reporter-output>
  <suite name="Default suite" duration-ms="17559" started-at="2022-10-28T03:39:57Z" finished-at="2022-10-28T03:40:15Z">
    <groups>
      <group name="cucumber">
        <method signature="TestRunner.runScenario(cucumber.api.testng.PickleEventWrapper, cucumber.api.testng.CucumberFeatureWrapper)[pri:0, instance:com.companyName.Testone.testrunner.TestRunner@52a86356]" name="runScenario" class="com.companyName.Testone.testrunner.TestRunner"/>
      </group> <!-- cucumber -->
    </groups>
    <test name="Default test" duration-ms="17559" started-at="2022-10-28T03:39:57Z" finished-at="2022-10-28T03:40:15Z">
      <class name="com.companyName.Testone.testrunner.TestRunner">
        <test-method status="PASS" signature="setUPClass()[pri:0, instance:com.companyName.Testone.testrunner.TestRunner@52a86356]" name="setUPClass" is-config="true" duration-ms="77" started-at="2022-10-28T03:39:57Z" finished-at="2022-10-28T03:39:57Z">
          <reporter-output>
          </reporter-output>
        </test-method> <!-- setUPClass -->
        <test-method status="PASS" signature="runScenario(cucumber.api.testng.PickleEventWrapper, cucumber.api.testng.CucumberFeatureWrapper)[pri:0, instance:com.companyName.Testone.testrunner.TestRunner@52a86356]" name="runScenario" duration-ms="13573" started-at="2022-10-28T03:39:57Z" description="Runs Cucumber Scenarios" data-provider="scenarios" finished-at="2022-10-28T03:40:11Z">
          <params>
            <param index="0">
              <value>
                <![CDATA["verify new browser window"]]>
              </value>
            </param>
            <param index="1">
              <value>
                <![CDATA["Selenium Regression Flow"]]>
              </value>
            </param>
          </params>
          <reporter-output>
          </reporter-output>
        </test-method> <!-- runScenario -->
        <test-method status="PASS" signature="runScenario(cucumber.api.testng.PickleEventWrapper, cucumber.api.testng.CucumberFeatureWrapper)[pri:0, instance:com.companyName.Testone.testrunner.TestRunner@52a86356]" name="runScenario" duration-ms="3042" started-at="2022-10-28T03:40:11Z" description="Runs Cucumber Scenarios" data-provider="scenarios" finished-at="2022-10-28T03:40:14Z">
          <params>
            <param index="0">
              <value>
                <![CDATA["verify new browser tab"]]>
              </value>
            </param>
            <param index="1">
              <value>
                <![CDATA["Selenium Regression Flow"]]>
              </value>
            </param>
          </params>
          <reporter-output>
          </reporter-output>
        </test-method> <!-- runScenario -->
        <test-method status="FAIL" signature="runScenario(cucumber.api.testng.PickleEventWrapper, cucumber.api.testng.CucumberFeatureWrapper)[pri:0, instance:com.companyName.Testone.testrunner.TestRunner@52a86356]" name="runScenario" duration-ms="147" started-at="2022-10-28T03:40:14Z" description="Runs Cucumber Scenarios" data-provider="scenarios" finished-at="2022-10-28T03:40:14Z">
          <params>
            <param index="0">
              <value>
                <![CDATA["verify alert button"]]>
              </value>
            </param>
            <param index="1">
              <value>
                <![CDATA["Selenium Regression Flow"]]>
              </value>
            </param>
          </params>
          <exception class="org.openqa.selenium.NoAlertPresentException">
            <message>
              <![CDATA[no such alert
  (Session info: chrome=107.0.5304.62)
Build info: version: '3.141.59', revision: 'e82be7d358', time: '2018-11-14T08:17:03'
System info: host: 'PANCHMEGALA', ip: '192.168.0.113', os.name: 'Windows 10', os.arch: 'amd64', os.version: '10.0', java.version: '1.8.0_202'
Driver info: org.openqa.selenium.chrome.ChromeDriver
Capabilities {acceptInsecureCerts: false, browserName: chrome, browserVersion: 107.0.5304.62, chrome: {chromedriverVersion: 107.0.5304.62 (1eec40d3a576..., userDataDir: C:\Users\panch\AppData\Loca...}, goog:chromeOptions: {debuggerAddress: localhost:60539}, javascriptEnabled: true, networkConnectionEnabled: false, pageLoadStrategy: normal, platform: WINDOWS, platformName: WINDOWS, proxy: Proxy(), setWindowRect: true, strictFileInteractability: false, timeouts: {implicit: 0, pageLoad: 300000, script: 30000}, unhandledPromptBehavior: dismiss and notify, webauthn:extension:credBlob: true, webauthn:extension:largeBlob: true, webauthn:virtualAuthenticators: true}
Session ID: 6f34ea981d86e6dba9f5c8acf87f2a41]]>
            </message>
            <full-stacktrace>
              <![CDATA[org.openqa.selenium.NoAlertPresentException: no such alert
  (Session info: chrome=107.0.5304.62)
Build info: version: '3.141.59', revision: 'e82be7d358', time: '2018-11-14T08:17:03'
System info: host: 'PANCHMEGALA', ip: '192.168.0.113', os.name: 'Windows 10', os.arch: 'amd64', os.version: '10.0', java.version: '1.8.0_202'
Driver info: org.openqa.selenium.chrome.ChromeDriver
Capabilities {acceptInsecureCerts: false, browserName: chrome, browserVersion: 107.0.5304.62, chrome: {chromedriverVersion: 107.0.5304.62 (1eec40d3a576..., userDataDir: C:\Users\panch\AppData\Loca...}, goog:chromeOptions: {debuggerAddress: localhost:60539}, javascriptEnabled: true, networkConnectionEnabled: false, pageLoadStrategy: normal, platform: WINDOWS, platformName: WINDOWS, proxy: Proxy(), setWindowRect: true, strictFileInteractability: false, timeouts: {implicit: 0, pageLoad: 300000, script: 30000}, unhandledPromptBehavior: dismiss and notify, webauthn:extension:credBlob: true, webauthn:extension:largeBlob: true, webauthn:virtualAuthenticators: true}
Session ID: 6f34ea981d86e6dba9f5c8acf87f2a41
at sun.reflect.NativeConstructorAccessorImpl.newInstance0(Native Method)
at sun.reflect.NativeConstructorAccessorImpl.newInstance(NativeConstructorAccessorImpl.java:62)
at sun.reflect.DelegatingConstructorAccessorImpl.newInstance(DelegatingConstructorAccessorImpl.java:45)
at java.lang.reflect.Constructor.newInstance(Constructor.java:423)
at org.openqa.selenium.remote.http.W3CHttpResponseCodec.createException(W3CHttpResponseCodec.java:187)
at org.openqa.selenium.remote.http.W3CHttpResponseCodec.decode(W3CHttpResponseCodec.java:122)
at org.openqa.selenium.remote.http.W3CHttpResponseCodec.decode(W3CHttpResponseCodec.java:49)
at org.openqa.selenium.remote.HttpCommandExecutor.execute(HttpCommandExecutor.java:158)
at org.openqa.selenium.remote.service.DriverCommandExecutor.execute(DriverCommandExecutor.java:83)
at org.openqa.selenium.remote.RemoteWebDriver.execute(RemoteWebDriver.java:552)
at org.openqa.selenium.remote.RemoteWebDriver.execute(RemoteWebDriver.java:609)
at org.openqa.selenium.remote.RemoteWebDriver$RemoteTargetLocator.alert(RemoteWebDriver.java:932)
at com.companyName.Testone.Pages.LoginPage.clickonAlert(LoginPage.java:34)
at com.companyName.Testone.StepDef.LoginStepDef.user_validate_alert(LoginStepDef.java:28)
at ✽.user validate alert(src/test/resources/features/Regression.feature:19)
]]>
            </full-stacktrace>
          </exception> <!-- org.openqa.selenium.NoAlertPresentException -->
          <reporter-output>
          </reporter-output>
        </test-method> <!-- runScenario -->
        <test-method status="PASS" signature="runScenario(cucumber.api.testng.PickleEventWrapper, cucumber.api.testng.CucumberFeatureWrapper)[pri:0, instance:com.companyName.Testone.testrunner.TestRunner@52a86356]" name="runScenario" duration-ms="593" started-at="2022-10-28T03:40:14Z" description="Runs Cucumber Scenarios" data-provider="scenarios" finished-at="2022-10-28T03:40:14Z">
          <params>
            <param index="0">
              <value>
                <![CDATA["verify feedback form"]]>
              </value>
            </param>
            <param index="1">
              <value>
                <![CDATA["Selenium Regression Flow"]]>
              </value>
            </param>
          </params>
          <reporter-output>
          </reporter-output>
        </test-method> <!-- runScenario -->
        <test-method status="PASS" signature="tearDown()[pri:0, instance:com.companyName.Testone.testrunner.TestRunner@52a86356]" name="tearDown" is-config="true" duration-ms="76" started-at="2022-10-28T03:40:14Z" finished-at="2022-10-28T03:40:15Z">
          <reporter-output>
          </reporter-output>
        </test-method> <!-- tearDown -->
      </class> <!-- com.companyName.Testone.testrunner.TestRunner -->
    </test> <!-- Default test -->
  </suite> <!-- Default suite -->
</testng-results>
